<?xml version="1.0" encoding="UTF-8"?>
<testng-results skipped="0" failed="0" total="1" passed="1">
  <reporter-output>
  </reporter-output>
  <suite name="test" duration-ms="20998" started-at="2016-08-10T10:02:43Z" finished-at="2016-08-10T10:03:04Z">
    <groups>
      <group name="login">
        <method signature="TestAnnotations.NeuspesnoLogovanje()[pri:0, instance:test.login.TestAnnotations@1ef7fe8e]" name="NeuspesnoLogovanje" class="test.login.TestAnnotations"/>
      </group> <!-- login -->
    </groups>
    <test name="one script" duration-ms="20998" started-at="2016-08-10T10:02:43Z" finished-at="2016-08-10T10:03:04Z">
      <class name="test.login.TestAnnotations">
        <test-method status="PASS" signature="beforeClass()[pri:0, instance:test.login.TestAnnotations@1ef7fe8e]" name="beforeClass" is-config="true" duration-ms="14040" started-at="2016-08-10T12:02:43Z" finished-at="2016-08-10T12:02:57Z">
          <reporter-output>
          </reporter-output>
        </test-method> <!-- beforeClass -->
        <test-method status="PASS" signature="NeuspesnoLogovanje()[pri:0, instance:test.login.TestAnnotations@1ef7fe8e]" name="NeuspesnoLogovanje" duration-ms="6928" started-at="2016-08-10T12:02:57Z" finished-at="2016-08-10T12:03:04Z">
          <reporter-output>
          </reporter-output>
        </test-method> <!-- NeuspesnoLogovanje -->
      </class> <!-- test.login.TestAnnotations -->
    </test> <!-- one script -->
  </suite> <!-- test -->
</testng-results>
