<?xml version="1.0" encoding="UTF-8"?>
<!-- Generated by org.testng.reporters.JUnitXMLReporter -->
<testsuite hostname="L-000857" name="Default test" tests="3" failures="0" timestamp="5 Aug 2016 14:08:47 GMT" time="33.404" errors="0">
  <testcase name="testLoginWrongPassword_negative" time="8.274" classname="test.Login"/>
  <testcase name="testLoginWrongUsername_negative" time="7.369" classname="test.Login"/>
  <testcase name="f" time="8.542" classname="test.Login"/>
</testsuite> <!-- Default test -->
