<?xml version="1.0" encoding="UTF-8"?>
<!-- Generated by org.testng.reporters.JUnitXMLReporter -->
<testsuite hostname="L-000857" name="Default test" tests="1" failures="0" timestamp="4 Aug 2016 14:06:48 GMT" time="46.75" errors="0">
  <testcase name="@BeforeClass setUp" time="0.0" classname="test.Test1">
    <failure type="org.openqa.selenium.WebDriverException" message="Failed to connect to binary FirefoxBinary(C:\Program Files (x86)\Mozilla Firefox\firefox.exe) on port 7055; process output follows: 
&amp;quot;,&amp;quot;version&amp;quot;:&amp;quot;0.0.1&amp;quot;,&amp;quot;type&amp;quot;:&amp;quot;extension&amp;quot;,&amp;quot;internalName&amp;quot;:null,&amp;quot;updateURL&amp;quot;:null,&amp;quot;updateKey&amp;quot;:null,&amp;quot;optionsURL&amp;quot;:null,&amp;quot;optionsType&amp;quot;:null,&amp;quot;aboutURL&amp;quot;:null,&amp;quot;icons&amp;quot;:{},&amp;quot;iconURL&amp;quot;:null,&amp;quot;icon64URL&amp;quot;:null,&amp;quot;defaultLocale&amp;quot;:{&amp;quot;name&amp;quot;:&amp;quot;JabberCallAddOn&amp;quot;,&amp;quot;description&amp;quot;:&amp;quot;Makes Jabber Call from web page&amp;quot;,&amp;quot;creator&amp;quot;:&amp;quot;Cisco Systems, Inc.&amp;quot;,&amp;quot;homepageURL&amp;quot;:null},&amp;quot;visible&amp;quot;:true,&amp;quot;active&amp;quot;:false,&amp;quot;userDisabled&amp;quot;:true,&amp;quot;appDisabled&amp;quot;:false,&amp;quot;descriptor&amp;quot;:&amp;quot;C:\\Program Files (x86)\\Cisco Systems\\Cisco Jabber\\Plugins\\Click2XPlugin\\@jabbercallmozilla-0.0.1.xpi&amp;quot;,&amp;quot;installDate&amp;quot;:1450426478000,&amp;quot;updateDate&amp;quot;:1450426478000,&amp;quot;applyBackgroundUpdates&amp;quot;:1,&amp;quot;bootstrap&amp;quot;:true,&amp;quot;skinnable&amp;quot;:false,&amp;quot;size&amp;quot;:3325,&amp;quot;sourceURI&amp;quot;:null,&amp;quot;releaseNotesURI&amp;quot;:null,&amp;quot;softDisabled&amp;quot;:false,&amp;quot;foreignInstall&amp;quot;:true,&amp;quot;hasBinaryComponents&amp;quot;:false,&amp;quot;strictCompatibility&amp;quot;:false,&amp;quot;locales&amp;quot;:[],&amp;quot;targetApplications&amp;quot;:[{&amp;quot;id&amp;quot;:&amp;quot;{ec8030f7-c20a-464f-9b0e-13a3a9e97384}&amp;quot;,&amp;quot;minVersion&amp;quot;:&amp;quot;38.0a1&amp;quot;,&amp;quot;maxVersion&amp;quot;:&amp;quot;43.0&amp;quot;}],&amp;quot;targetPlatforms&amp;quot;:[],&amp;quot;multiprocessCompatible&amp;quot;:false,&amp;quot;signedState&amp;quot;:0,&amp;quot;seen&amp;quot;:true}
1470319563837	DeferredSave.extensions.json	DEBUG	Save changes
1470319563838	addons.xpi	DEBUG	Updating database with changes to installed add-ons
1470319563838	addons.xpi-utils	DEBUG	Updating add-on states
1470319563839	addons.xpi-utils	DEBUG	Writing add-ons list
1470319563848	addons.xpi	DEBUG	Registering manifest for C:\Program Files (x86)\Mozilla Firefox\browser\features\e10srollout@mozilla.org.xpi
1470319563849	addons.xpi	DEBUG	Calling bootstrap method startup on e10srollout@mozilla.org version 1.0
1470319563849	addons.xpi	DEBUG	Registering manifest for C:\Program Files (x86)\Mozilla Firefox\browser\features\firefox@getpocket.com.xpi
1470319563850	addons.xpi	DEBUG	Calling bootstrap method startup on firefox@getpocket.com version 1.0.4
1470319563851	addons.xpi	DEBUG	Registering manifest for C:\Program Files (x86)\Mozilla Firefox\browser\features\loop@mozilla.org.xpi
1470319563852	addons.xpi	DEBUG	Calling bootstrap method startup on loop@mozilla.org version 1.4.3
1470319563877	addons.manager	DEBUG	Registering shutdown blocker for XPIProvider
1470319563877	addons.manager	DEBUG	Provider finished startup: XPIProvider
1470319563877	addons.manager	DEBUG	Starting provider: LightweightThemeManager
1470319563877	addons.manager	DEBUG	Registering shutdown blocker for LightweightThemeManager
1470319563878	addons.manager	DEBUG	Provider finished startup: LightweightThemeManager
1470319563878	addons.manager	DEBUG	Starting provider: GMPProvider
1470319563886	addons.manager	DEBUG	Registering shutdown blocker for GMPProvider
1470319563886	addons.manager	DEBUG	Provider finished startup: GMPProvider
1470319563886	addons.manager	DEBUG	Starting provider: PluginProvider
1470319563886	addons.manager	DEBUG	Registering shutdown blocker for PluginProvider
1470319563886	addons.manager	DEBUG	Provider finished startup: PluginProvider
1470319563887	addons.manager	DEBUG	Completed startup sequence
1470319565163	addons.manager	DEBUG	Starting provider: &amp;lt;unnamed-provider&amp;gt;
1470319565163	addons.manager	DEBUG	Registering shutdown blocker for &amp;lt;unnamed-provider&amp;gt;
1470319565164	addons.manager	DEBUG	Provider finished startup: &amp;lt;unnamed-provider&amp;gt;
1470319565590	DeferredSave.extensions.json	DEBUG	Write succeeded
1470319565590	addons.xpi-utils	DEBUG	XPI Database saved, setting schema version preference to 17
1470319565591	DeferredSave.extensions.json	DEBUG	Starting timer
1470319565611	addons.repository	DEBUG	No addons.json found.
1470319565612	DeferredSave.addons.json	DEBUG	Save changes
1470319565615	DeferredSave.addons.json	DEBUG	Starting timer
1470319565646	addons.manager	DEBUG	Starting provider: PreviousExperimentProvider
1470319565646	addons.manager	DEBUG	Registering shutdown blocker for PreviousExperimentProvider
1470319565646	addons.manager	DEBUG	Provider finished startup: PreviousExperimentProvider
1470319565649	DeferredSave.extensions.json	DEBUG	Starting write
1470319565720	DeferredSave.addons.json	DEBUG	Starting write
1470319565788	DeferredSave.extensions.json	DEBUG	Write succeeded
1470319565814	DeferredSave.addons.json	DEBUG	Write succeeded

Build info: version: &amp;apos;2.53.1&amp;apos;, revision: &amp;apos;a36b8b1&amp;apos;, time: &amp;apos;2016-06-30 17:37:03&amp;apos;
System info: host: &amp;apos;L-000857&amp;apos;, ip: &amp;apos;172.17.130.171&amp;apos;, os.name: &amp;apos;Windows 7&amp;apos;, os.arch: &amp;apos;amd64&amp;apos;, os.version: &amp;apos;6.1&amp;apos;, java.version: &amp;apos;1.8.0_101&amp;apos;
Driver info: driver.version: FirefoxDriver">
      <![CDATA[org.openqa.selenium.WebDriverException: Failed to connect to binary FirefoxBinary(C:\Program Files (x86)\Mozilla Firefox\firefox.exe) on port 7055; process output follows: 
","version":"0.0.1","type":"extension","internalName":null,"updateURL":null,"updateKey":null,"optionsURL":null,"optionsType":null,"aboutURL":null,"icons":{},"iconURL":null,"icon64URL":null,"defaultLocale":{"name":"JabberCallAddOn","description":"Makes Jabber Call from web page","creator":"Cisco Systems, Inc.","homepageURL":null},"visible":true,"active":false,"userDisabled":true,"appDisabled":false,"descriptor":"C:\\Program Files (x86)\\Cisco Systems\\Cisco Jabber\\Plugins\\Click2XPlugin\\@jabbercallmozilla-0.0.1.xpi","installDate":1450426478000,"updateDate":1450426478000,"applyBackgroundUpdates":1,"bootstrap":true,"skinnable":false,"size":3325,"sourceURI":null,"releaseNotesURI":null,"softDisabled":false,"foreignInstall":true,"hasBinaryComponents":false,"strictCompatibility":false,"locales":[],"targetApplications":[{"id":"{ec8030f7-c20a-464f-9b0e-13a3a9e97384}","minVersion":"38.0a1","maxVersion":"43.0"}],"targetPlatforms":[],"multiprocessCompatible":false,"signedState":0,"seen":true}
1470319563837	DeferredSave.extensions.json	DEBUG	Save changes
1470319563838	addons.xpi	DEBUG	Updating database with changes to installed add-ons
1470319563838	addons.xpi-utils	DEBUG	Updating add-on states
1470319563839	addons.xpi-utils	DEBUG	Writing add-ons list
1470319563848	addons.xpi	DEBUG	Registering manifest for C:\Program Files (x86)\Mozilla Firefox\browser\features\e10srollout@mozilla.org.xpi
1470319563849	addons.xpi	DEBUG	Calling bootstrap method startup on e10srollout@mozilla.org version 1.0
1470319563849	addons.xpi	DEBUG	Registering manifest for C:\Program Files (x86)\Mozilla Firefox\browser\features\firefox@getpocket.com.xpi
1470319563850	addons.xpi	DEBUG	Calling bootstrap method startup on firefox@getpocket.com version 1.0.4
1470319563851	addons.xpi	DEBUG	Registering manifest for C:\Program Files (x86)\Mozilla Firefox\browser\features\loop@mozilla.org.xpi
1470319563852	addons.xpi	DEBUG	Calling bootstrap method startup on loop@mozilla.org version 1.4.3
1470319563877	addons.manager	DEBUG	Registering shutdown blocker for XPIProvider
1470319563877	addons.manager	DEBUG	Provider finished startup: XPIProvider
1470319563877	addons.manager	DEBUG	Starting provider: LightweightThemeManager
1470319563877	addons.manager	DEBUG	Registering shutdown blocker for LightweightThemeManager
1470319563878	addons.manager	DEBUG	Provider finished startup: LightweightThemeManager
1470319563878	addons.manager	DEBUG	Starting provider: GMPProvider
1470319563886	addons.manager	DEBUG	Registering shutdown blocker for GMPProvider
1470319563886	addons.manager	DEBUG	Provider finished startup: GMPProvider
1470319563886	addons.manager	DEBUG	Starting provider: PluginProvider
1470319563886	addons.manager	DEBUG	Registering shutdown blocker for PluginProvider
1470319563886	addons.manager	DEBUG	Provider finished startup: PluginProvider
1470319563887	addons.manager	DEBUG	Completed startup sequence
1470319565163	addons.manager	DEBUG	Starting provider: <unnamed-provider>
1470319565163	addons.manager	DEBUG	Registering shutdown blocker for <unnamed-provider>
1470319565164	addons.manager	DEBUG	Provider finished startup: <unnamed-provider>
1470319565590	DeferredSave.extensions.json	DEBUG	Write succeeded
1470319565590	addons.xpi-utils	DEBUG	XPI Database saved, setting schema version preference to 17
1470319565591	DeferredSave.extensions.json	DEBUG	Starting timer
1470319565611	addons.repository	DEBUG	No addons.json found.
1470319565612	DeferredSave.addons.json	DEBUG	Save changes
1470319565615	DeferredSave.addons.json	DEBUG	Starting timer
1470319565646	addons.manager	DEBUG	Starting provider: PreviousExperimentProvider
1470319565646	addons.manager	DEBUG	Registering shutdown blocker for PreviousExperimentProvider
1470319565646	addons.manager	DEBUG	Provider finished startup: PreviousExperimentProvider
1470319565649	DeferredSave.extensions.json	DEBUG	Starting write
1470319565720	DeferredSave.addons.json	DEBUG	Starting write
1470319565788	DeferredSave.extensions.json	DEBUG	Write succeeded
1470319565814	DeferredSave.addons.json	DEBUG	Write succeeded

Build info: version: '2.53.1', revision: 'a36b8b1', time: '2016-06-30 17:37:03'
System info: host: 'L-000857', ip: '172.17.130.171', os.name: 'Windows 7', os.arch: 'amd64', os.version: '6.1', java.version: '1.8.0_101'
Driver info: driver.version: FirefoxDriver
	at org.openqa.selenium.firefox.internal.NewProfileExtensionConnection.start(NewProfileExtensionConnection.java:124)
	at org.openqa.selenium.firefox.FirefoxDriver.startClient(FirefoxDriver.java:271)
	at org.openqa.selenium.remote.RemoteWebDriver.<init>(RemoteWebDriver.java:119)
	at org.openqa.selenium.firefox.FirefoxDriver.<init>(FirefoxDriver.java:218)
	at org.openqa.selenium.firefox.FirefoxDriver.<init>(FirefoxDriver.java:211)
	at org.openqa.selenium.firefox.FirefoxDriver.<init>(FirefoxDriver.java:207)
	at org.openqa.selenium.firefox.FirefoxDriver.<init>(FirefoxDriver.java:120)
	at test.Test1.setUp(Test1.java:26)
Caused by: org.openqa.selenium.firefox.NotConnectedException: Unable to connect to host 127.0.0.1 on port 7055 after 45000 ms. Firefox console output:
","version":"0.0.1","type":"extension","internalName":null,"updateURL":null,"updateKey":null,"optionsURL":null,"optionsType":null,"aboutURL":null,"icons":{},"iconURL":null,"icon64URL":null,"defaultLocale":{"name":"JabberCallAddOn","description":"Makes Jabber Call from web page","creator":"Cisco Systems, Inc.","homepageURL":null},"visible":true,"active":false,"userDisabled":true,"appDisabled":false,"descriptor":"C:\\Program Files (x86)\\Cisco Systems\\Cisco Jabber\\Plugins\\Click2XPlugin\\@jabbercallmozilla-0.0.1.xpi","installDate":1450426478000,"updateDate":1450426478000,"applyBackgroundUpdates":1,"bootstrap":true,"skinnable":false,"size":3325,"sourceURI":null,"releaseNotesURI":null,"softDisabled":false,"foreignInstall":true,"hasBinaryComponents":false,"strictCompatibility":false,"locales":[],"targetApplications":[{"id":"{ec8030f7-c20a-464f-9b0e-13a3a9e97384}","minVersion":"38.0a1","maxVersion":"43.0"}],"targetPlatforms":[],"multiprocessCompatible":false,"signedState":0,"seen":true}
1470319563837	DeferredSave.extensions.json	DEBUG	Save changes
1470319563838	addons.xpi	DEBUG	Updating database with changes to installed add-ons
1470319563838	addons.xpi-utils	DEBUG	Updating add-on states
1470319563839	addons.xpi-utils	DEBUG	Writing add-ons list
1470319563848	addons.xpi	DEBUG	Registering manifest for C:\Program Files (x86)\Mozilla Firefox\browser\features\e10srollout@mozilla.org.xpi
1470319563849	addons.xpi	DEBUG	Calling bootstrap method startup on e10srollout@mozilla.org version 1.0
1470319563849	addons.xpi	DEBUG	Registering manifest for C:\Program Files (x86)\Mozilla Firefox\browser\features\firefox@getpocket.com.xpi
1470319563850	addons.xpi	DEBUG	Calling bootstrap method startup on firefox@getpocket.com version 1.0.4
1470319563851	addons.xpi	DEBUG	Registering manifest for C:\Program Files (x86)\Mozilla Firefox\browser\features\loop@mozilla.org.xpi
1470319563852	addons.xpi	DEBUG	Calling bootstrap method startup on loop@mozilla.org version 1.4.3
1470319563877	addons.manager	DEBUG	Registering shutdown blocker for XPIProvider
1470319563877	addons.manager	DEBUG	Provider finished startup: XPIProvider
1470319563877	addons.manager	DEBUG	Starting provider: LightweightThemeManager
1470319563877	addons.manager	DEBUG	Registering shutdown blocker for LightweightThemeManager
1470319563878	addons.manager	DEBUG	Provider finished startup: LightweightThemeManager
1470319563878	addons.manager	DEBUG	Starting provider: GMPProvider
1470319563886	addons.manager	DEBUG	Registering shutdown blocker for GMPProvider
1470319563886	addons.manager	DEBUG	Provider finished startup: GMPProvider
1470319563886	addons.manager	DEBUG	Starting provider: PluginProvider
1470319563886	addons.manager	DEBUG	Registering shutdown blocker for PluginProvider
1470319563886	addons.manager	DEBUG	Provider finished startup: PluginProvider
1470319563887	addons.manager	DEBUG	Completed startup sequence
1470319565163	addons.manager	DEBUG	Starting provider: <unnamed-provider>
1470319565163	addons.manager	DEBUG	Registering shutdown blocker for <unnamed-provider>
1470319565164	addons.manager	DEBUG	Provider finished startup: <unnamed-provider>
1470319565590	DeferredSave.extensions.json	DEBUG	Write succeeded
1470319565590	addons.xpi-utils	DEBUG	XPI Database saved, setting schema version preference to 17
1470319565591	DeferredSave.extensions.json	DEBUG	Starting timer
1470319565611	addons.repository	DEBUG	No addons.json found.
1470319565612	DeferredSave.addons.json	DEBUG	Save changes
1470319565615	DeferredSave.addons.json	DEBUG	Starting timer
1470319565646	addons.manager	DEBUG	Starting provider: PreviousExperimentProvider
1470319565646	addons.manager	DEBUG	Registering shutdown blocker for PreviousExperimentProvider
1470319565646	addons.manager	DEBUG	Provider finished startup: PreviousExperimentProvider
1470319565649	DeferredSave.extensions.json	DEBUG	Starting write
1470319565720	DeferredSave.addons.json	DEBUG	Starting write
1470319565788	DeferredSave.extensions.json	DEBUG	Write succeeded
1470319565814	DeferredSave.addons.json	DEBUG	Write succeeded

	at org.openqa.selenium.firefox.internal.NewProfileExtensionConnection.start(NewProfileExtensionConnection.java:112)
	... 32 more
... Removed 25 stack frames]]>
    </failure>
  </testcase> <!-- @BeforeClass setUp -->
  <testcase name="@AfterClass tearDown" time="0.0" classname="test.Test1">
    <skipped/>
  </testcase> <!-- @AfterClass tearDown -->
  <testcase name="TestGoogle" time="0.002" classname="test.Test1">
    <skipped/>
  </testcase> <!-- TestGoogle -->
</testsuite> <!-- Default test -->
